Authorized using stored user info.
stderr: 'rm' is not recognized as an internal or external command,
operable program or batch file.

Exporting assets from Unity.................
[ Stage1 ] Assets exported from Unity and staged for further processing
D:\MergeHuggyy\LunaTemp\expert.json is invalid or doesn't exist
D:\MergeHuggyy\LunaTemp\expert.json is invalid or doesn't exist
D:\MergeHuggyy\LunaTemp\expert.json is invalid or doesn't exist
D:\MergeHuggyy\LunaTemp\expert.json is invalid or doesn't exist
D:\MergeHuggyy\LunaTemp\expert.json is invalid or doesn't exist
D:\MergeHuggyy\LunaTemp\expert.json is invalid or doesn't exist
D:\MergeHuggyy\LunaTemp\expert.json is invalid or doesn't exist
D:\MergeHuggyy\LunaTemp\expert.json is invalid or doesn't exist
D:\MergeHuggyy\LunaTemp\expert.json is invalid or doesn't exist
D:\MergeHuggyy\LunaTemp\expert.json is invalid or doesn't exist
D:\MergeHuggyy\LunaTemp\expert.json is invalid or doesn't exist
D:\MergeHuggyy\LunaTemp\expert.json is invalid or doesn't exist
D:\MergeHuggyy\LunaTemp\expert.json is invalid or doesn't exist
D:\MergeHuggyy\LunaTemp\expert.json is invalid or doesn't exist
D:\MergeHuggyy\LunaTemp\expert.json is invalid or doesn't exist
D:\MergeHuggyy\LunaTemp\expert.json is invalid or doesn't exist
D:\MergeHuggyy\LunaTemp\expert.json is invalid or doesn't exist
D:\MergeHuggyy\LunaTemp\expert.json is invalid or doesn't exist
D:\MergeHuggyy\LunaTemp\expert.json is invalid or doesn't exist
Found custom rules for texture Resources/unity_builtin_extra/Default-Particle
  {"maxWidth":512,"maxHeight":512,"format":"png32","compression":"none","quality":65,"script":"","ext":"","name":"Resources/unity_builtin_extra/Default-Particle","isOverride":true}
D:\MergeHuggyy\LunaTemp\expert.json is invalid or doesn't exist
D:\MergeHuggyy\LunaTemp\expert.json is invalid or doesn't exist
D:\MergeHuggyy\LunaTemp\expert.json is invalid or doesn't exist
D:\MergeHuggyy\LunaTemp\expert.json is invalid or doesn't exist
D:\MergeHuggyy\LunaTemp\expert.json is invalid or doesn't exist
D:\MergeHuggyy\LunaTemp\expert.json is invalid or doesn't exist
Resources:
{"unity.preloader.icon":"resources/unity.preloader.icon.png"}
D:\MergeHuggyy\LunaTemp\expert.json is invalid or doesn't exist
[ Stage2 ] Assets postprocessed and bundled successfully
Microsoft (R) Build Engine version 17.2.1+52cd2da31 for .NET Framework
Copyright (C) Microsoft Corporation. All rights reserved.


Build started 7/26/2022 4:22:13 PM.

Project "D:\3.11.0\pipeline\templates\LunaCompiler\Scripts\Scripts.csproj" on node 1 (Rebuild target(s)).

CoreClean:
  Deleting file "D:\3.11.0\pipeline\templates\LunaCompiler\Scripts\bin\Debug\UnityScriptsCompiler.dll".

  Deleting file "D:\3.11.0\pipeline\templates\LunaCompiler\Scripts\bin\Debug\UnityScriptsCompiler.pdb".

  Deleting file "D:\3.11.0\pipeline\templates\LunaCompiler\Scripts\bin\Debug\Bridge.dll".

  Deleting file "D:\3.11.0\pipeline\templates\LunaCompiler\Scripts\bin\Debug\Bridge.Html5.dll".

  Deleting file "D:\3.11.0\pipeline\templates\LunaCompiler\Scripts\bin\Debug\Bridge.WebGL.dll".

  Deleting file "D:\3.11.0\pipeline\templates\LunaCompiler\Scripts\bin\Debug\DOTween.dll".

  Deleting file "D:\3.11.0\pipeline\templates\LunaCompiler\Scripts\bin\Debug\Newtonsoft.Json.dll".

  Deleting file "D:\3.11.0\pipeline\templates\LunaCompiler\Scripts\bin\Debug\Retyped.Core.dll".

  Deleting file "D:\3.11.0\pipeline\templates\LunaCompiler\Scripts\bin\Debug\Retyped.dom.dll".

  Deleting file "D:\3.11.0\pipeline\templates\LunaCompiler\Scripts\bin\Debug\Retyped.es5.dll".

  Deleting file "D:\3.11.0\pipeline\templates\LunaCompiler\Scripts\bin\Debug\Retyped.scripthost.dll".

  Deleting file "D:\3.11.0\pipeline\templates\LunaCompiler\Scripts\bin\Debug\UnityEngine.dll".

  Deleting file "D:\3.11.0\pipeline\templates\LunaCompiler\Scripts\bin\Debug\UnityEngine.UI.dll".

  Deleting file "D:\3.11.0\pipeline\templates\LunaCompiler\Scripts\bin\Debug\UnityEngine.UniversalRenderPipeline.dll".

  Deleting file "D:\3.11.0\pipeline\templates\LunaCompiler\Scripts\bin\Debug\Bridge.xml".

  Deleting file "D:\3.11.0\pipeline\templates\LunaCompiler\Scripts\bin\Debug\Bridge.Html5.xml".

  Deleting file "D:\3.11.0\pipeline\templates\LunaCompiler\Scripts\bin\Debug\Bridge.WebGL.xml".

  Deleting file "D:\3.11.0\pipeline\templates\LunaCompiler\Scripts\bin\Debug\Newtonsoft.Json.xml".

  Deleting file "D:\3.11.0\pipeline\templates\LunaCompiler\Scripts\bin\Debug\Retyped.Core.xml".

  Deleting file "D:\3.11.0\pipeline\templates\LunaCompiler\Scripts\bin\Debug\Retyped.dom.xml".

  Deleting file "D:\3.11.0\pipeline\templates\LunaCompiler\Scripts\bin\Debug\Retyped.es5.xml".

  Deleting file "D:\3.11.0\pipeline\templates\LunaCompiler\Scripts\bin\Debug\Retyped.scripthost.xml".

  Deleting file "D:\3.11.0\pipeline\templates\LunaCompiler\Scripts\obj\Debug\Scripts.csproj.AssemblyReference.cache".

  Deleting file "D:\3.11.0\pipeline\templates\LunaCompiler\Scripts\obj\Debug\Scripts.csproj.CoreCompileInputs.cache".

  Deleting file "D:\3.11.0\pipeline\templates\LunaCompiler\Scripts\obj\Debug\Scripts.csproj.CopyComplete".

  Deleting file "D:\3.11.0\pipeline\templates\LunaCompiler\Scripts\obj\Debug\UnityScriptsCompiler.dll".

  Deleting file "D:\3.11.0\pipeline\templates\LunaCompiler\Scripts\obj\Debug\UnityScriptsCompiler.pdb".

GenerateTargetFrameworkMonikerAttribute:

Skipping target "GenerateTargetFrameworkMonikerAttribute" because all output files are up-to-date with respect to the input files.

CoreCompile:

  C:\Program Files\Microsoft Visual Studio\2022\Community\MSBuild\Current\Bin\Roslyn\csc.exe /noconfig /nowarn:CS0626,1701,1702 /fullpaths /nostdlib+ /errorreport:prompt /warn:4 /define:UNITY_LUNA;CSHARP_7_OR_LATER;CSHARP_7_3_OR_NEWER;UNITY_5_3_OR_NEWER;UNITY_5_4_OR_NEWER;UNITY_5_5_OR_NEWER;UNITY_2019;UNITY_2017_1_OR_NEWER;UNITY_2017_2_OR_NEWER;UNITY_2017_3_OR_NEWER;UNITY_2017_4_OR_NEWER;UNITY_2018_1_OR_NEWER;UNITY_2018_2_OR_NEWER;UNITY_2018_3_OR_NEWER;UNITY_2018_4_OR_NEWER;UNITY_2019_1_OR_NEWER;UNITY_2019_2_OR_NEWER;UNITY_2019_3_OR_NEWER;UNITY_2019_4_OR_NEWER;UNITY_2019_4;UNITY_2019_4_23 /highentropyva+ /reference:D:\3.11.0\pipeline\templates\LunaCompiler\packages\Bridge.Core.17.9.19-luna\lib\net40\Bridge.dll /reference:D:\3.11.0\pipeline\templates\LunaCompiler\packages\Bridge.Html5.17.9.0\lib\net40\Bridge.Html5.dll /reference:D:\3.11.0\pipeline\templates\LunaCompiler\packages\Bridge.WebGL.1.22.0\lib\net40\Bridge.WebGL.dll /reference:D:\3.11.0\pipeline\templates\LunaCompiler\packages\DOTween.1.2.235\lib\net40\DOTween.dll /reference:D:\3.11.0\pipeline\templates\LunaCompiler\packages\Bridge.Newtonsoft.Json.1.16.0\lib\net40\Newtonsoft.Json.dll /reference:D:\3.11.0\pipeline\templates\LunaCompiler\packages\Retyped.Core.1.6.6733\lib\net40\Retyped.Core.dll /reference:D:\3.11.0\pipeline\templates\LunaCompiler\packages\Retyped.dom.2.8.6733\lib\net40\Retyped.dom.dll /reference:D:\3.11.0\pipeline\templates\LunaCompiler\packages\Retyped.es5.2.8.6733\lib\net40\Retyped.es5.dll /reference:D:\3.11.0\pipeline\templates\LunaCompiler\packages\Retyped.scripthost.2.8.6733\lib\net40\Retyped.scripthost.dll /reference:D:\3.11.0\pipeline\templates\LunaCompiler\Scripts\Vendor\UnityEngine.dll /reference:D:\3.11.0\pipeline\templates\LunaCompiler\packages\com.unity.ui\1.2.1\UnityEngine.UI.dll /reference:D:\3.11.0\pipeline\templates\LunaCompiler\packages\com.unity.urp\7.6\UnityEngine.UniversalRenderPipeline.dll /debug+ /debug:full /optimize- /out:obj\Debug\UnityScriptsCompiler.dll /subsystemversion:6.00 /target:library /utf8output /langversion:7.2 D:\MergeHuggyy\Assets\_Game\Scripts\ClickDeactive.cs D:\MergeHuggyy\Assets\_Game\Scripts\PanCraft.cs D:\MergeHuggyy\Assets\01_MergeMaster\Scripts\Controller\ArrayPosFight.cs D:\MergeHuggyy\Assets\01_MergeMaster\Scripts\Controller\AttackUniversal.cs D:\MergeHuggyy\Assets\01_MergeMaster\Scripts\Controller\CharacterController.cs D:\MergeHuggyy\Assets\01_MergeMaster\Scripts\Controller\DrawLine.cs D:\MergeHuggyy\Assets\01_MergeMaster\Scripts\Controller\DrawLineCanvas.cs D:\MergeHuggyy\Assets\01_MergeMaster\Scripts\Controller\DrawLineTutorial.cs D:\MergeHuggyy\Assets\01_MergeMaster\Scripts\Controller\Enemy\Baby.cs D:\MergeHuggyy\Assets\01_MergeMaster\Scripts\Controller\Enemy\Huggy09.cs D:\MergeHuggyy\Assets\01_MergeMaster\Scripts\Controller\EnemyController.cs D:\MergeHuggyy\Assets\01_MergeMaster\Scripts\Controller\LookAtCamera.cs D:\MergeHuggyy\Assets\01_MergeMaster\Scripts\Controller\ShootingRaycast.cs D:\MergeHuggyy\Assets\01_MergeMaster\Scripts\Controller\SoundController.cs D:\MergeHuggyy\Assets\01_MergeMaster\Scripts\Manager\GameManager1.cs D:\MergeHuggyy\Assets\01_MergeMaster\Scripts\Manager\GameManager2.cs D:\MergeHuggyy\Assets\01_MergeMaster\Scripts\Manager\GameManager3.cs D:\MergeHuggyy\Assets\01_MergeMaster\Scripts\Manager\GameManager4.cs D:\MergeHuggyy\Assets\01_MergeMaster\Scripts\Manager\GameManager6.cs D:\MergeHuggyy\Assets\01_MergeMaster\Scripts\Utility\AutoDestroy.cs D:\MergeHuggyy\Assets\01_MergeMaster\Scripts\Utility\AutoDestructor.cs D:\MergeHuggyy\Assets\01_MergeMaster\Scripts\Utility\DefineHelper.cs D:\MergeHuggyy\Assets\01_MergeMaster\Scripts\Utility\EventDispatcher\EventDispatcher.cs D:\MergeHuggyy\Assets\01_MergeMaster\Scripts\Utility\GlobalInstance.cs D:\MergeHuggyy\Assets\01_MergeMaster\Scripts\Utility\HelperUtility.cs D:\MergeHuggyy\Assets\01_MergeMaster\Scripts\Utility\RotateObject.cs D:\MergeHuggyy\Assets\01_MergeMaster\Scripts\Utility\SimplePool.cs D:\MergeHuggyy\Assets\01_MergeMaster\Scripts\Utility\Singleton.cs D:\MergeHuggyy\Assets\01_MergeMaster\Scripts\Utility\VectorUlti.cs D:\MergeHuggyy\Assets\03_MergeHyperCat\Scripts\Controller\Enemy\BossHuggy.cs D:\MergeHuggyy\Assets\03_MergeHyperCat\Scripts\Manager\MergeHyper.cs D:\MergeHuggyy\Assets\03_MergeHyperCat\Scripts\Manager\MergeHyper2.cs D:\MergeHuggyy\Assets\04_MergeHuggy\Scripts\Controller\BossHuggyNew.cs D:\MergeHuggyy\Assets\04_MergeHuggy\Scripts\Controller\CharacterHuggy.cs D:\MergeHuggyy\Assets\04_MergeHuggy\Scripts\Manager\MergeHuggy1.cs D:\MergeHuggyy\Assets\06_MergeHuggyCraft\Scripts\Controllers\BunnyBunzoCraft.cs D:\MergeHuggyy\Assets\06_MergeHuggyCraft\Scripts\Controllers\HuggyCraft.cs D:\MergeHuggyy\Assets\06_MergeHuggyCraft\Scripts\Controllers\HumanCraft.cs D:\MergeHuggyy\Assets\06_MergeHuggyCraft\Scripts\Controllers\KillyWillyCraft.cs D:\MergeHuggyy\Assets\06_MergeHuggyCraft\Scripts\Controllers\MainCharacter.cs D:\MergeHuggyy\Assets\06_MergeHuggyCraft\Scripts\Managers\MergeHuggyCraft1.cs D:\MergeHuggyy\Assets\BOXOPHOBIC\Utils\Scripts\SettingsUtils\SettingsData.cs D:\MergeHuggyy\Assets\BOXOPHOBIC\Utils\Scripts\StyledGizmos\StyledLabelGizmo.cs D:\MergeHuggyy\Assets\BOXOPHOBIC\Utils\Scripts\StyledInspector\StyledBanner.cs D:\MergeHuggyy\Assets\BOXOPHOBIC\Utils\Scripts\StyledInspector\StyledButton.cs D:\MergeHuggyy\Assets\BOXOPHOBIC\Utils\Scripts\StyledInspector\StyledCategory.cs D:\MergeHuggyy\Assets\BOXOPHOBIC\Utils\Scripts\StyledInspector\StyledEnum.cs D:\MergeHuggyy\Assets\BOXOPHOBIC\Utils\Scripts\StyledInspector\StyledIndent.cs D:\MergeHuggyy\Assets\BOXOPHOBIC\Utils\Scripts\StyledInspector\StyledInteractive.cs D:\MergeHuggyy\Assets\BOXOPHOBIC\Utils\Scripts\StyledInspector\StyledLayers.cs D:\MergeHuggyy\Assets\BOXOPHOBIC\Utils\Scripts\StyledInspector\StyledMask.cs D:\MergeHuggyy\Assets\BOXOPHOBIC\Utils\Scripts\StyledInspector\StyledMessage.cs D:\MergeHuggyy\Assets\BOXOPHOBIC\Utils\Scripts\StyledInspector\StyledRangeOptions.cs D:\MergeHuggyy\Assets\BOXOPHOBIC\Utils\Scripts\StyledInspector\StyledSpace.cs D:\MergeHuggyy\Assets\BOXOPHOBIC\Utils\Scripts\StyledInspector\StyledText.cs D:\MergeHuggyy\Assets\BOXOPHOBIC\Utils\Scripts\StyledInspector\StyledTexturePreview.cs D:\MergeHuggyy\Assets\BOXOPHOBIC\Utils\Scripts\StyledMono\StyledMonoBehaviour.cs D:\MergeHuggyy\Assets\BOXOPHOBIC\Utils\Scripts\StyledMono\StyledScriptableObject.cs "D:\MergeHuggyy\Assets\Epic Toon FX\Demo\ParticleEffectsShowcase\Scripts\ParticleEffectsLibrary.cs" "D:\MergeHuggyy\Assets\Epic Toon FX\Demo\ParticleEffectsShowcase\Scripts\PEButtonScript.cs" "D:\MergeHuggyy\Assets\Epic Toon FX\Demo\ParticleEffectsShowcase\Scripts\PEDestoryTimed.cs" "D:\MergeHuggyy\Assets\Epic Toon FX\Demo\ParticleEffectsShowcase\Scripts\UICanvasManager.cs" "D:\MergeHuggyy\Assets\Epic Toon FX\Demo\Scripts\ETFXButtonScript.cs" "D:\MergeHuggyy\Assets\Epic Toon FX\Demo\Scripts\ETFXFireProjectile.cs" "D:\MergeHuggyy\Assets\Epic Toon FX\Demo\Scripts\ETFXLoopScript.cs" "D:\MergeHuggyy\Assets\Epic Toon FX\Demo\Scripts\ETFXMouseOrbit.cs" "D:\MergeHuggyy\Assets\Epic Toon FX\Demo\Scripts\ETFXProjectileScript.cs" "D:\MergeHuggyy\Assets\Epic Toon FX\Demo\Scripts\ETFXSceneManager.cs" "D:\MergeHuggyy\Assets\Epic Toon FX\Demo\Scripts\ETFXTarget.cs" "D:\MergeHuggyy\Assets\Epic Toon FX\Scripts\ETFXLightFade.cs" "D:\MergeHuggyy\Assets\Epic Toon FX\Scripts\ETFXPitchRandomizer.cs" "D:\MergeHuggyy\Assets\Epic Toon FX\Scripts\ETFXRotation.cs" D:\MergeHuggyy\Assets\Plugins\Demigiant\DOTween\Modules\DOTweenModuleAudio.cs D:\MergeHuggyy\Assets\Plugins\Demigiant\DOTween\Modules\DOTweenModuleEPOOutline.cs D:\MergeHuggyy\Assets\Plugins\Demigiant\DOTween\Modules\DOTweenModulePhysics.cs D:\MergeHuggyy\Assets\Plugins\Demigiant\DOTween\Modules\DOTweenModulePhysics2D.cs D:\MergeHuggyy\Assets\Plugins\Demigiant\DOTween\Modules\DOTweenModuleSprite.cs D:\MergeHuggyy\Assets\Plugins\Demigiant\DOTween\Modules\DOTweenModuleUI.cs D:\MergeHuggyy\Assets\Plugins\Demigiant\DOTween\Modules\DOTweenModuleUnityVersion.cs D:\MergeHuggyy\Assets\Plugins\Demigiant\DOTween\Modules\DOTweenModuleUtils.cs Properties/AssemblyInfo.cs Sources/OtherDummyScript.cs "obj\Debug\.NETFramework,Version=v4.7.AssemblyAttributes.cs"

D:\MergeHuggyy\Assets\01_MergeMaster\Scripts\Controller\CharacterController.cs(19,17): warning CS0169: The field 'CharacterController.hp' is never used [D:\3.11.0\pipeline\templates\LunaCompiler\Scripts\Scripts.csproj]

D:\MergeHuggyy\Assets\01_MergeMaster\Scripts\Manager\GameManager1.cs(9,37): warning CS0169: The field 'GameManager1.cameraMain' is never used [D:\3.11.0\pipeline\templates\LunaCompiler\Scripts\Scripts.csproj]

D:\MergeHuggyy\Assets\01_MergeMaster\Scripts\Controller\DrawLineTutorial.cs(7,44): warning CS0649: Field 'DrawLineTutorial.drawPoint' is never assigned to, and will always have its default value null [D:\3.11.0\pipeline\templates\LunaCompiler\Scripts\Scripts.csproj]
D:\MergeHuggyy\Assets\01_MergeMaster\Scripts\Controller\CharacterController.cs(9,41): warning CS0169: The field 'CharacterController.canvas' is never used [D:\3.11.0\pipeline\templates\LunaCompiler\Scripts\Scripts.csproj]

D:\MergeHuggyy\Assets\01_MergeMaster\Scripts\Controller\DrawLineTutorial.cs(8,41): warning CS0649: Field 'DrawLineTutorial.drawManager' is never assigned to, and will always have its default value null [D:\3.11.0\pipeline\templates\LunaCompiler\Scripts\Scripts.csproj]
D:\MergeHuggyy\Assets\01_MergeMaster\Scripts\Controller\CharacterController.cs(10,36): warning CS0649: Field 'CharacterController.yDie' is never assigned to, and will always have its default value 0 [D:\3.11.0\pipeline\templates\LunaCompiler\Scripts\Scripts.csproj]

D:\MergeHuggyy\Assets\01_MergeMaster\Scripts\Controller\EnemyController.cs(14,19): warning CS0169: The field 'EnemyController.color' is never used [D:\3.11.0\pipeline\templates\LunaCompiler\Scripts\Scripts.csproj]

D:\MergeHuggyy\Assets\01_MergeMaster\Scripts\Utility\AutoDestructor.cs(14,42): warning CS0649: Field 'AutoDestructor.typeDestroy' is never assigned to, and will always have its default value [D:\3.11.0\pipeline\templates\LunaCompiler\Scripts\Scripts.csproj]

D:\MergeHuggyy\Assets\01_MergeMaster\Scripts\Manager\GameManager2.cs(11,37): warning CS0169: The field 'GameManager2.cameraMain' is never used [D:\3.11.0\pipeline\templates\LunaCompiler\Scripts\Scripts.csproj]

D:\MergeHuggyy\Assets\04_MergeHuggy\Scripts\Controller\CharacterHuggy.cs(8,39): warning CS0649: Field 'CharacterHuggy.animator' is never assigned to, and will always have its default value null [D:\3.11.0\pipeline\templates\LunaCompiler\Scripts\Scripts.csp
roj]

D:\MergeHuggyy\Assets\04_MergeHuggy\Scripts\Controller\CharacterHuggy.cs(20,17): warning CS0169: The field 'CharacterHuggy.currentHP' is never used [D:\3.11.0\pipeline\templates\LunaCompiler\Scripts\Scripts.csproj]

D:\MergeHuggyy\Assets\04_MergeHuggy\Scripts\Controller\CharacterHuggy.cs(19,17): warning CS0169: The field 'CharacterHuggy.hp' is never used [D:\3.11.0\pipeline\templates\LunaCompiler\Scripts\Scripts.csproj]

D:\MergeHuggyy\Assets\01_MergeMaster\Scripts\Controller\CharacterController.cs(8,39): warning CS0649: Field 'CharacterController.animator' is never assigned to, and will always have its default value null [D:\3.11.0\pipeline\templates\LunaCompiler\Scripts\Scripts.csproj]

D:\MergeHuggyy\Assets\01_MergeMaster\Scripts\Controller\EnemyController.cs(17,34): warning CS0169: The field 'EnemyController.currentHP' is never used [D:\3.11.0\pipeline\templates\LunaCompiler\Scripts\Scripts.csproj]

D:\MergeHuggyy\Assets\01_MergeMaster\Scripts\Manager\GameManager2.cs(15,41): warning CS0649: Field 'GameManager2.enemyParent' is never assigned to, and will always have its default value null [D:\3.11.0\pipeline\templates\LunaCompiler\Scripts\Scripts.cspro
j]

D:\MergeHuggyy\Assets\01_MergeMaster\Scripts\Utility\RotateObject.cs(8,36): warning CS0649: Field 'RotateObject.angle' is never assigned to, and will always have its default value 0 [D:\3.11.0\pipeline\templates\LunaCompiler\Scripts\Scripts.csproj]

D:\MergeHuggyy\Assets\01_MergeMaster\Scripts\Controller\CharacterController.cs(20,17): warning CS0169: The field 'CharacterController.currentHP' is never used [D:\3.11.0\pipeline\templates\LunaCompiler\Scripts\Scripts.csproj]

D:\MergeHuggyy\Assets\01_MergeMaster\Scripts\Controller\EnemyController.cs(16,34): warning CS0169: The field 'EnemyController.hp' is never used [D:\3.11.0\pipeline\templates\LunaCompiler\Scripts\Scripts.csproj]

D:\MergeHuggyy\Assets\01_MergeMaster\Scripts\Utility\RotateObject.cs(7,36): warning CS0649: Field 'RotateObject.duration' is never assigned to, and will always have its default value 0 [D:\3.11.0\pipeline\templates\LunaCompiler\Scripts\Scripts.csproj]

D:\MergeHuggyy\Assets\01_MergeMaster\Scripts\Manager\GameManager3.cs(10,37): warning CS0169: The field 'GameManager3.cameraMain' is never used [D:\3.11.0\pipeline\templates\LunaCompiler\Scripts\Scripts.csproj]

D:\MergeHuggyy\Assets\06_MergeHuggyCraft\Scripts\Controllers\MainCharacter.cs(8,39): warning CS0649: Field 'MainCharacter.animator' is never assigned to, and will always have its default value null [D:\3.11.0\pipeline\templates\LunaCompiler\Scripts\Scripts.csproj]

D:\MergeHuggyy\Assets\01_MergeMaster\Scripts\Manager\GameManager2.cs(14,41): warning CS0649: Field 'GameManager2.characterParent' is never assigned to, and will always have its default value null [D:\3.11.0\pipeline\templates\LunaCompiler\Scripts\Scripts.csproj]

  CompilerServer: server - server processed compilation - 5501e1dd-889e-4cc9-96bc-a6af17fa0ec7

_CopyFilesMarkedCopyLocal:
  Copying file from "D:\3.11.0\pipeline\templates\LunaCompiler\packages\Bridge.WebGL.1.22.0\lib\net40\Bridge.WebGL.dll" to "D:\3.11.0\pipeline\templates\LunaCompiler\Scripts\bin\Debug\Bridge.WebGL.dll".

  Copying file from "D:\3.11.0\pipeline\templates\LunaCompiler\packages\DOTween.1.2.235\lib\net40\DOTween.dll" to "D:\3.11.0\pipeline\templates\LunaCompiler\Scripts\bin\Debug\DOTween.dll".

  Copying file from "D:\3.11.0\pipeline\templates\LunaCompiler\packages\Bridge.Core.17.9.19-luna\lib\net40\Bridge.dll" to "D:\3.11.0\pipeline\templates\LunaCompiler\Scripts\bin\Debug\Bridge.dll".

  Copying file from "D:\3.11.0\pipeline\templates\LunaCompiler\packages\Bridge.Html5.17.9.0\lib\net40\Bridge.Html5.dll" to "D:\3.11.0\pipeline\templates\LunaCompiler\Scripts\bin\Debug\Bridge.Html5.dll".

  Copying file from "D:\3.11.0\pipeline\templates\LunaCompiler\packages\Bridge.Newtonsoft.Json.1.16.0\lib\net40\Newtonsoft.Json.dll" to "D:\3.11.0\pipeline\templates\LunaCompiler\Scripts\bin\Debug\Newtonsoft.Json.dll".

  Copying file from "D:\3.11.0\pipeline\templates\LunaCompiler\packages\Retyped.dom.2.8.6733\lib\net40\Retyped.dom.dll" to "D:\3.11.0\pipeline\templates\LunaCompiler\Scripts\bin\Debug\Retyped.dom.dll".

  Copying file from "D:\3.11.0\pipeline\templates\LunaCompiler\packages\Retyped.Core.1.6.6733\lib\net40\Retyped.Core.dll" to "D:\3.11.0\pipeline\templates\LunaCompiler\Scripts\bin\Debug\Retyped.Core.dll".

  Copying file from "D:\3.11.0\pipeline\templates\LunaCompiler\packages\Retyped.es5.2.8.6733\lib\net40\Retyped.es5.dll" to "D:\3.11.0\pipeline\templates\LunaCompiler\Scripts\bin\Debug\Retyped.es5.dll".

  Copying file from "D:\3.11.0\pipeline\templates\LunaCompiler\packages\Retyped.scripthost.2.8.6733\lib\net40\Retyped.scripthost.dll" to "D:\3.11.0\pipeline\templates\LunaCompiler\Scripts\bin\Debug\Retyped.scripthost.dll".

  Copying file from "D:\3.11.0\pipeline\templates\LunaCompiler\Scripts\Vendor\UnityEngine.dll" to "D:\3.11.0\pipeline\templates\LunaCompiler\Scripts\bin\Debug\UnityEngine.dll".

  Copying file from "D:\3.11.0\pipeline\templates\LunaCompiler\packages\com.unity.ui\1.2.1\UnityEngine.UI.dll" to "D:\3.11.0\pipeline\templates\LunaCompiler\Scripts\bin\Debug\UnityEngine.UI.dll".

  Copying file from "D:\3.11.0\pipeline\templates\LunaCompiler\packages\com.unity.urp\7.6\UnityEngine.UniversalRenderPipeline.dll" to "D:\3.11.0\pipeline\templates\LunaCompiler\Scripts\bin\Debug\UnityEngine.UniversalRenderPipeline.dll".

  Copying file from "D:\3.11.0\pipeline\templates\LunaCompiler\packages\Bridge.Core.17.9.19-luna\lib\net40\Bridge.xml" to "D:\3.11.0\pipeline\templates\LunaCompiler\Scripts\bin\Debug\Bridge.xml".

  Copying file from "D:\3.11.0\pipeline\templates\LunaCompiler\packages\Bridge.Html5.17.9.0\lib\net40\Bridge.Html5.xml" to "D:\3.11.0\pipeline\templates\LunaCompiler\Scripts\bin\Debug\Bridge.Html5.xml".

  Copying file from "D:\3.11.0\pipeline\templates\LunaCompiler\packages\Bridge.WebGL.1.22.0\lib\net40\Bridge.WebGL.xml" to "D:\3.11.0\pipeline\templates\LunaCompiler\Scripts\bin\Debug\Bridge.WebGL.xml".

  Copying file from "D:\3.11.0\pipeline\templates\LunaCompiler\packages\Bridge.Newtonsoft.Json.1.16.0\lib\net40\Newtonsoft.Json.xml" to "D:\3.11.0\pipeline\templates\LunaCompiler\Scripts\bin\Debug\Newtonsoft.Json.xml".

  Copying file from "D:\3.11.0\pipeline\templates\LunaCompiler\packages\Retyped.Core.1.6.6733\lib\net40\Retyped.Core.xml" to "D:\3.11.0\pipeline\templates\LunaCompiler\Scripts\bin\Debug\Retyped.Core.xml".

  Copying file from "D:\3.11.0\pipeline\templates\LunaCompiler\packages\Retyped.dom.2.8.6733\lib\net40\Retyped.dom.xml" to "D:\3.11.0\pipeline\templates\LunaCompiler\Scripts\bin\Debug\Retyped.dom.xml".

  Copying file from "D:\3.11.0\pipeline\templates\LunaCompiler\packages\Retyped.es5.2.8.6733\lib\net40\Retyped.es5.xml" to "D:\3.11.0\pipeline\templates\LunaCompiler\Scripts\bin\Debug\Retyped.es5.xml".

  Copying file from "D:\3.11.0\pipeline\templates\LunaCompiler\packages\Retyped.scripthost.2.8.6733\lib\net40\Retyped.scripthost.xml" to "D:\3.11.0\pipeline\templates\LunaCompiler\Scripts\bin\Debug\Retyped.scripthost.xml".

  Creating "D:\3.11.0\pipeline\templates\LunaCompiler\Scripts\obj\Debug\Scripts.csproj.CopyComplete" because "AlwaysCreate" was specified.

CopyFilesToOutputDirectory:
  Copying file from "D:\3.11.0\pipeline\templates\LunaCompiler\Scripts\obj\Debug\UnityScriptsCompiler.dll" to "D:\3.11.0\pipeline\templates\LunaCompiler\Scripts\bin\Debug\UnityScriptsCompiler.dll".

  Scripts -> D:\3.11.0\pipeline\templates\LunaCompiler\Scripts\bin\Debug\UnityScriptsCompiler.dll

  Copying file from "D:\3.11.0\pipeline\templates\LunaCompiler\Scripts\obj\Debug\UnityScriptsCompiler.pdb" to "D:\3.11.0\pipeline\templates\LunaCompiler\Scripts\bin\Debug\UnityScriptsCompiler.pdb".

BridgeNetCompilerTask:

  Bridge started

      To enable detailed logging, configure "logging" in bridge.json.

      https://github.com/bridgedotnet/Bridge/wiki/global-configuration#logging

  Bridge done

Done Building Project "D:\3.11.0\pipeline\templates\LunaCompiler\Scripts\Scripts.csproj" (Rebuild target(s)).


Build succeeded.



"D:\3.11.0\pipeline\templates\LunaCompiler\Scripts\Scripts.csproj" (Rebuild target) (1) ->
(CoreCompile target) -> 
  D:\MergeHuggyy\Assets\01_MergeMaster\Scripts\Controller\CharacterController.cs(19,17): warning CS0169: The field 'CharacterController.hp' is never used [D:\3.11.0\pipeline\templates\LunaCompiler\Scripts\Scripts.csproj]
  D:\MergeHuggyy\Assets\01_MergeMaster\Scripts\Manager\GameManager1.cs(9,37): warning CS0169: The field 'GameManager1.cameraMain' is never used [D:\3.11.0\pipeline\templates\LunaCompiler\Scripts\Scripts.csproj]
  D:\MergeHuggyy\Assets\01_MergeMaster\Scripts\Controller\DrawLineTutorial.cs(7,44): warning CS0649: Field 'DrawLineTutorial.drawPoint' is never assigned to, and will always have its default value null [D:\3.11.0\pipeline\templates\LunaCompiler\Scripts\Scripts.csproj]
  D:\MergeHuggyy\Assets\01_MergeMaster\Scripts\Controller\CharacterController.cs(9,41): warning CS0169: The field 'CharacterController.canvas' is never used [D:\3.11.0\pipeline\templates\LunaCompiler\Scripts\Scripts.csproj]
  D:\MergeHuggyy\Assets\01_MergeMaster\Scripts\Controller\DrawLineTutorial.cs(8,41): warning CS0649: Field 'DrawLineTutorial.drawManager' is never assigned to, and will always have its default value null [D:\3.11.0\pipeline\templates\LunaCompiler\Scripts\Scripts.csproj]
  D:\MergeHuggyy\Assets\01_MergeMaster\Scripts\Controller\CharacterController.cs(10,36): warning CS0649: Field 'CharacterController.yDie' is never assigned to, and will always have its default value 0 [D:\3.11.0\pipeline\templates\LunaCompiler\Scripts\Scripts.csproj]
  D:\MergeHuggyy\Assets\01_MergeMaster\Scripts\Controller\EnemyController.cs(14,19): warning CS0169: The field 'EnemyController.color' is never used [D:\3.11.0\pipeline\templates\LunaCompiler\Scripts\Scripts.csproj]
  D:\MergeHuggyy\Assets\01_MergeMaster\Scripts\Utility\AutoDestructor.cs(14,42): warning CS0649: Field 'AutoDestructor.typeDestroy' is never assigned to, and will always have its default value [D:\3.11.0\pipeline\templates\LunaCompiler\Scripts\Scripts.csproj]
  D:\MergeHuggyy\Assets\01_MergeMaster\Scripts\Manager\GameManager2.cs(11,37): warning CS0169: The field 'GameManager2.cameraMain' is never used [D:\3.11.0\pipeline\templates\LunaCompiler\Scripts\Scripts.csproj]
  D:\MergeHuggyy\Assets\04_MergeHuggy\Scripts\Controller\CharacterHuggy.cs(8,39): warning CS0649: Field 'CharacterHuggy.animator' is never assigned to, and will always have its default value null [D:\3.11.0\pipeline\templates\LunaCompiler\Scripts\Scripts.csproj]
  D:\MergeHuggyy\Assets\04_MergeHuggy\Scripts\Controller\CharacterHuggy.cs(20,17): warning CS0169: The field 'CharacterHuggy.currentHP' is never used [D:\3.11.0\pipeline\templates\LunaCompiler\Scripts\Scripts.csproj]
  D:\MergeHuggyy\Assets\04_MergeHuggy\Scripts\Controller\CharacterHuggy.cs(19,17): warning CS0169: The field 'CharacterHuggy.hp' is never used [D:\3.11.0\pipeline\templates\LunaCompiler\Scripts\Scripts.csproj]
  D:\MergeHuggyy\Assets\01_MergeMaster\Scripts\Controller\CharacterController.cs(8,39): warning CS0649: Field 'CharacterController.animator' is never assigned to, and will always have its default value null [D:\3.11.0\pipeline\templates\LunaCompiler\Scripts\Scripts.csproj]
  D:\MergeHuggyy\Assets\01_MergeMaster\Scripts\Controller\EnemyController.cs(17,34): warning CS0169: The field 'EnemyController.currentHP' is never used [D:\3.11.0\pipeline\templates\LunaCompiler\Scripts\Scripts.csproj]
  D:\MergeHuggyy\Assets\01_MergeMaster\Scripts\Manager\GameManager2.cs(15,41): warning CS0649: Field 'GameManager2.enemyParent' is never assigned to, and will always have its default value null [D:\3.11.0\pipeline\templates\LunaCompiler\Scripts\Scripts.csproj]

  D:\MergeHuggyy\Assets\01_MergeMaster\Scripts\Utility\RotateObject.cs(8,36): warning CS0649: Field 'RotateObject.angle' is never assigned to, and will always have its default value 0 [D:\3.11.0\pipeline\templates\LunaCompiler\Scripts\Scripts.csproj]
  D:\MergeHuggyy\Assets\01_MergeMaster\Scripts\Controller\CharacterController.cs(20,17): warning CS0169: The field 'CharacterController.currentHP' is never used [D:\3.11.0\pipeline\templates\LunaCompiler\Scripts\Scripts.csproj]
  D:\MergeHuggyy\Assets\01_MergeMaster\Scripts\Controller\EnemyController.cs(16,34): warning CS0169: The field 'EnemyController.hp' is never used [D:\3.11.0\pipeline\templates\LunaCompiler\Scripts\Scripts.csproj]
  D:\MergeHuggyy\Assets\01_MergeMaster\Scripts\Utility\RotateObject.cs(7,36): warning CS0649: Field 'RotateObject.duration' is never assigned to, and will always have its default value 0 [D:\3.11.0\pipeline\templates\LunaCompiler\Scripts\Scripts.csproj]
  D:\MergeHuggyy\Assets\01_MergeMaster\Scripts\Manager\GameManager3.cs(10,37): warning CS0169: The field 'GameManager3.cameraMain' is never used [D:\3.11.0\pipeline\templates\LunaCompiler\Scripts\Scripts.csproj]
  D:\MergeHuggyy\Assets\06_MergeHuggyCraft\Scripts\Controllers\MainCharacter.cs(8,39): warning CS0649: Field 'MainCharacter.animator' is never assigned to, and will always have its default value null [D:\3.11.0\pipeline\templates\LunaCompiler\Scripts\Scripts.csproj]
  D:\MergeHuggyy\Assets\01_MergeMaster\Scripts\Manager\GameManager2.cs(14,41): warning CS0649: Field 'GameManager2.characterParent' is never assigned to, and will always have its default value null [D:\3.11.0\pipeline\templates\LunaCompiler\Scripts\Scripts.csproj]

    22 Warning(s)

    0 Error(s)


Time Elapsed 00:00:23.50

Source code compiled successfully!
[ Stage3 ] Code compiled and bundled successfully.
[ Stage4 ] Target platform: playground
[ Stage4 ] Package bundled successfully
[ Stage4 ] Package uploaded successfully
